<?xml version="1.0" encoding="UTF-8"?>
<coverage generated="1606368543204" clover="3.2.0">
  <project timestamp="1606368543204" name="All files">
    <metrics statements="98" coveredstatements="92" conditionals="49" coveredconditionals="40" methods="32" coveredmethods="31" elements="179" coveredelements="163" complexity="0" loc="98" ncloc="98" packages="4" files="15" classes="15"/>
    <package name="src">
      <metrics statements="2" coveredstatements="1" conditionals="0" coveredconditionals="0" methods="1" coveredmethods="1"/>
      <file name="App.tsx" path="/Users/julianlow/Projects/q-ctrl/src/App.tsx">
        <metrics statements="1" coveredstatements="1" conditionals="0" coveredconditionals="0" methods="1" coveredmethods="1"/>
        <line num="8" count="8" type="stmt"/>
      </file>
      <file name="index.tsx" path="/Users/julianlow/Projects/q-ctrl/src/index.tsx">
        <metrics statements="1" coveredstatements="0" conditionals="0" coveredconditionals="0" methods="0" coveredmethods="0"/>
        <line num="6" count="0" type="stmt"/>
      </file>
      <file name="typings.ts" path="/Users/julianlow/Projects/q-ctrl/src/typings.ts">
        <metrics statements="0" coveredstatements="0" conditionals="0" coveredconditionals="0" methods="0" coveredmethods="0"/>
      </file>
    </package>
    <package name="src.components">
      <metrics statements="66" coveredstatements="62" conditionals="47" coveredconditionals="39" methods="20" coveredmethods="19"/>
      <file name="Countries.tsx" path="/Users/julianlow/Projects/q-ctrl/src/components/Countries.tsx">
        <metrics statements="15" coveredstatements="15" conditionals="18" coveredconditionals="17" methods="4" coveredmethods="4"/>
        <line num="19" count="8" type="stmt"/>
        <line num="35" count="141" type="stmt"/>
        <line num="36" count="141" type="stmt"/>
        <line num="37" count="141" type="stmt"/>
        <line num="38" count="141" type="stmt"/>
        <line num="39" count="141" type="stmt"/>
        <line num="40" count="141" type="stmt"/>
        <line num="41" count="141" type="cond" truecount="2" falsecount="0"/>
        <line num="45" count="141" type="stmt"/>
        <line num="49" count="141" type="stmt"/>
        <line num="53" count="141" type="stmt"/>
        <line num="54" count="21" type="cond" truecount="5" falsecount="0"/>
        <line num="55" count="5" type="stmt"/>
        <line num="59" count="141" type="stmt"/>
        <line num="75" count="302" type="stmt"/>
      </file>
      <file name="Country.tsx" path="/Users/julianlow/Projects/q-ctrl/src/components/Country.tsx">
        <metrics statements="6" coveredstatements="6" conditionals="9" coveredconditionals="6" methods="2" coveredmethods="2"/>
        <line num="16" count="1" type="stmt"/>
        <line num="36" count="2" type="stmt"/>
        <line num="37" count="2" type="stmt"/>
        <line num="39" count="2" type="stmt"/>
        <line num="43" count="2" type="cond" truecount="2" falsecount="2"/>
        <line num="45" count="2" type="stmt"/>
      </file>
      <file name="CountrySearch.tsx" path="/Users/julianlow/Projects/q-ctrl/src/components/CountrySearch.tsx">
        <metrics statements="20" coveredstatements="18" conditionals="4" coveredconditionals="2" methods="5" coveredmethods="5"/>
        <line num="19" count="8" type="stmt"/>
        <line num="34" count="141" type="stmt"/>
        <line num="35" count="141" type="stmt"/>
        <line num="36" count="141" type="stmt"/>
        <line num="37" count="141" type="stmt"/>
        <line num="38" count="141" type="stmt"/>
        <line num="41" count="141" type="stmt"/>
        <line num="43" count="141" type="stmt"/>
        <line num="46" count="1" type="cond" truecount="1" falsecount="1"/>
        <line num="47" count="0" type="stmt"/>
        <line num="48" count="0" type="stmt"/>
        <line num="52" count="141" type="stmt"/>
        <line num="53" count="76" type="cond" truecount="1" falsecount="1"/>
        <line num="54" count="76" type="stmt"/>
        <line num="56" count="76" type="stmt"/>
        <line num="58" count="500" type="stmt"/>
        <line num="59" count="500" type="stmt"/>
        <line num="60" count="500" type="stmt"/>
        <line num="65" count="76" type="stmt"/>
        <line num="68" count="141" type="stmt"/>
      </file>
      <file name="GlobalStyles.tsx" path="/Users/julianlow/Projects/q-ctrl/src/components/GlobalStyles.tsx">
        <metrics statements="1" coveredstatements="1" conditionals="0" coveredconditionals="0" methods="0" coveredmethods="0"/>
        <line num="4" count="1" type="stmt"/>
      </file>
      <file name="Loader.tsx" path="/Users/julianlow/Projects/q-ctrl/src/components/Loader.tsx">
        <metrics statements="3" coveredstatements="3" conditionals="0" coveredconditionals="0" methods="2" coveredmethods="2"/>
        <line num="4" count="9" type="stmt"/>
        <line num="18" count="95" type="stmt"/>
        <line num="20" count="95" type="stmt"/>
      </file>
      <file name="PageNavigation.tsx" path="/Users/julianlow/Projects/q-ctrl/src/components/PageNavigation.tsx">
        <metrics statements="21" coveredstatements="19" conditionals="16" coveredconditionals="14" methods="7" coveredmethods="6"/>
        <line num="7" count="8" type="stmt"/>
        <line num="31" count="168" type="stmt"/>
        <line num="32" count="168" type="stmt"/>
        <line num="33" count="168" type="stmt"/>
        <line num="34" count="168" type="stmt"/>
        <line num="35" count="168" type="stmt"/>
        <line num="36" count="168" type="stmt"/>
        <line num="38" count="168" type="cond" truecount="4" falsecount="0"/>
        <line num="42" count="168" type="stmt"/>
        <line num="43" count="0" type="cond" truecount="0" falsecount="2"/>
        <line num="44" count="0" type="stmt"/>
        <line num="47" count="168" type="stmt"/>
        <line num="49" count="443" type="cond" truecount="2" falsecount="0"/>
        <line num="50" count="443" type="stmt"/>
        <line num="53" count="168" type="stmt"/>
        <line num="54" count="84" type="stmt"/>
        <line num="57" count="168" type="stmt"/>
        <line num="58" count="35" type="cond" truecount="2" falsecount="0"/>
        <line num="61" count="168" type="stmt"/>
        <line num="62" count="35" type="cond" truecount="2" falsecount="0"/>
        <line num="65" count="168" type="stmt"/>
      </file>
      <file name="index.tsx" path="/Users/julianlow/Projects/q-ctrl/src/components/index.tsx">
        <metrics statements="0" coveredstatements="0" conditionals="0" coveredconditionals="0" methods="0" coveredmethods="0"/>
      </file>
    </package>
    <package name="src.hooks">
      <metrics statements="14" coveredstatements="13" conditionals="2" coveredconditionals="1" methods="5" coveredmethods="5"/>
      <file name="index.ts" path="/Users/julianlow/Projects/q-ctrl/src/hooks/index.ts">
        <metrics statements="0" coveredstatements="0" conditionals="0" coveredconditionals="0" methods="0" coveredmethods="0"/>
      </file>
      <file name="useDebounce.ts" path="/Users/julianlow/Projects/q-ctrl/src/hooks/useDebounce.ts">
        <metrics statements="0" coveredstatements="0" conditionals="0" coveredconditionals="0" methods="0" coveredmethods="0"/>
      </file>
      <file name="useRequest.ts" path="/Users/julianlow/Projects/q-ctrl/src/hooks/useRequest.ts">
        <metrics statements="14" coveredstatements="13" conditionals="2" coveredconditionals="1" methods="5" coveredmethods="5"/>
        <line num="11" count="143" type="stmt"/>
        <line num="12" count="143" type="stmt"/>
        <line num="13" count="143" type="stmt"/>
        <line num="15" count="143" type="stmt"/>
        <line num="16" count="9" type="stmt"/>
        <line num="17" count="9" type="stmt"/>
        <line num="19" count="9" type="stmt"/>
        <line num="24" count="5" type="cond" truecount="1" falsecount="1"/>
        <line num="25" count="0" type="stmt"/>
        <line num="27" count="5" type="stmt"/>
        <line num="30" count="5" type="stmt"/>
        <line num="36" count="9" type="stmt"/>
        <line num="37" count="9" type="stmt"/>
        <line num="41" count="143" type="stmt"/>
      </file>
    </package>
    <package name="src.state">
      <metrics statements="16" coveredstatements="16" conditionals="0" coveredconditionals="0" methods="6" coveredmethods="6"/>
      <file name="atoms.ts" path="/Users/julianlow/Projects/q-ctrl/src/state/atoms.ts">
        <metrics statements="4" coveredstatements="4" conditionals="0" coveredconditionals="0" methods="0" coveredmethods="0"/>
        <line num="4" count="1" type="stmt"/>
        <line num="9" count="1" type="stmt"/>
        <line num="14" count="1" type="stmt"/>
        <line num="19" count="1" type="stmt"/>
      </file>
      <file name="selectors.ts" path="/Users/julianlow/Projects/q-ctrl/src/state/selectors.ts">
        <metrics statements="12" coveredstatements="12" conditionals="0" coveredconditionals="0" methods="6" coveredmethods="6"/>
        <line num="11" count="1" type="stmt"/>
        <line num="13" count="13" type="stmt"/>
        <line num="16" count="1" type="stmt"/>
        <line num="19" count="13" type="stmt"/>
        <line num="21" count="13" type="stmt"/>
        <line num="23" count="1250" type="stmt"/>
        <line num="30" count="1" type="stmt"/>
        <line num="32" count="9" type="stmt"/>
        <line num="35" count="1" type="stmt"/>
        <line num="37" count="84" type="stmt"/>
        <line num="40" count="1" type="stmt"/>
        <line num="42" count="33" type="stmt"/>
      </file>
    </package>
  </project>
</coverage>
