<?xml version="1.0" encoding="UTF-8"?>
<coverage generated="1606435238821" clover="3.2.0">
  <project timestamp="1606435238821" name="All files">
    <metrics statements="22" coveredstatements="20" conditionals="16" coveredconditionals="14" methods="8" coveredmethods="7" elements="46" coveredelements="41" complexity="0" loc="22" ncloc="22" packages="2" files="2" classes="2"/>
    <package name="src">
      <metrics statements="1" coveredstatements="1" conditionals="0" coveredconditionals="0" methods="1" coveredmethods="1"/>
      <file name="App.tsx" path="/Users/julianlow/Projects/q-ctrl/src/App.tsx">
        <metrics statements="1" coveredstatements="1" conditionals="0" coveredconditionals="0" methods="1" coveredmethods="1"/>
        <line num="8" count="9" type="stmt"/>
      </file>
    </package>
    <package name="src.components">
      <metrics statements="21" coveredstatements="19" conditionals="16" coveredconditionals="14" methods="7" coveredmethods="6"/>
      <file name="PageNavigation.tsx" path="/Users/julianlow/Projects/q-ctrl/src/components/PageNavigation.tsx">
        <metrics statements="21" coveredstatements="19" conditionals="16" coveredconditionals="14" methods="7" coveredmethods="6"/>
        <line num="7" count="9" type="stmt"/>
        <line num="31" count="189" type="stmt"/>
        <line num="32" count="189" type="stmt"/>
        <line num="33" count="189" type="stmt"/>
        <line num="34" count="189" type="stmt"/>
        <line num="35" count="189" type="stmt"/>
        <line num="36" count="189" type="stmt"/>
        <line num="38" count="189" type="cond" truecount="4" falsecount="0"/>
        <line num="42" count="189" type="stmt"/>
        <line num="43" count="0" type="cond" truecount="0" falsecount="2"/>
        <line num="44" count="0" type="stmt"/>
        <line num="47" count="189" type="stmt"/>
        <line num="49" count="263" type="cond" truecount="2" falsecount="0"/>
        <line num="50" count="263" type="stmt"/>
        <line num="53" count="189" type="stmt"/>
        <line num="54" count="103" type="stmt"/>
        <line num="57" count="189" type="stmt"/>
        <line num="58" count="36" type="cond" truecount="2" falsecount="0"/>
        <line num="61" count="189" type="stmt"/>
        <line num="62" count="36" type="cond" truecount="2" falsecount="0"/>
        <line num="65" count="189" type="stmt"/>
      </file>
    </package>
  </project>
</coverage>
