{"/Users/julianlow/Projects/q-ctrl/src/components/Loader.tsx": {"path":"/Users/julianlow/Projects/q-ctrl/src/components/Loader.tsx","statementMap":{"0":{"start":{"line":5,"column":18},"end":{"line":16,"column":3}},"1":{"start":{"line":5,"column":41},"end":{"line":16,"column":1}},"2":{"start":{"line":19,"column":18},"end":{"line":19,"column":29}},"3":{"start":{"line":21,"column":2},"end":{"line":25,"column":4}}},"fnMap":{"0":{"name":"(anonymous_0)","decl":{"start":{"line":5,"column":29},"end":{"line":5,"column":30}},"loc":{"start":{"line":5,"column":41},"end":{"line":16,"column":1}},"line":5},"1":{"name":"Loader","decl":{"start":{"line":18,"column":16},"end":{"line":18,"column":22}},"loc":{"start":{"line":18,"column":38},"end":{"line":26,"column":1}},"line":18}},"branchMap":{},"s":{"0":1,"1":9,"2":103,"3":103},"f":{"0":9,"1":103},"b":{},"_coverageSchema":"1a1c01bbd47fc00a2c39e90264f33305004495a9","hash":"12a83d3c901d18703cdab5f4c4ffe8c60aa1f78c"}
}
