{"/Users/julianlow/Projects/q-ctrl/src/App.tsx": {"path":"/Users/julianlow/Projects/q-ctrl/src/App.tsx","statementMap":{"0":{"start":{"line":8,"column":2},"end":{"line":24,"column":4}}},"fnMap":{"0":{"name":"App","decl":{"start":{"line":7,"column":9},"end":{"line":7,"column":12}},"loc":{"start":{"line":7,"column":15},"end":{"line":25,"column":1}},"line":7}},"branchMap":{},"s":{"0":8},"f":{"0":8},"b":{},"_coverageSchema":"1a1c01bbd47fc00a2c39e90264f33305004495a9","hash":"2814ebf8fd21e6f69be26a28271127d45aff8d31"}
,"/Users/julianlow/Projects/q-ctrl/src/index.tsx": {"path":"/Users/julianlow/Projects/q-ctrl/src/index.tsx","statementMap":{"0":{"start":{"line":6,"column":0},"end":{"line":13,"column":2}}},"fnMap":{},"branchMap":{},"s":{"0":0},"f":{},"b":{}}
,"/Users/julianlow/Projects/q-ctrl/src/typings.ts": {"path":"/Users/julianlow/Projects/q-ctrl/src/typings.ts","statementMap":{},"fnMap":{},"branchMap":{},"s":{},"f":{},"b":{}}
,"/Users/julianlow/Projects/q-ctrl/src/components/Countries.tsx": {"path":"/Users/julianlow/Projects/q-ctrl/src/components/Countries.tsx","statementMap":{"0":{"start":{"line":19,"column":18},"end":{"line":32,"column":3}},"1":{"start":{"line":19,"column":41},"end":{"line":32,"column":1}},"2":{"start":{"line":35,"column":18},"end":{"line":35,"column":29}},"3":{"start":{"line":36,"column":20},"end":{"line":36,"column":52}},"4":{"start":{"line":37,"column":20},"end":{"line":37,"column":54}},"5":{"start":{"line":38,"column":31},"end":{"line":38,"column":51}},"6":{"start":{"line":39,"column":17},"end":{"line":39,"column":44}},"7":{"start":{"line":40,"column":24},"end":{"line":40,"column":58}},"8":{"start":{"line":41,"column":22},"end":{"line":43,"column":26}},"9":{"start":{"line":45,"column":42},"end":{"line":47,"column":3}},"10":{"start":{"line":49,"column":35},"end":{"line":51,"column":3}},"11":{"start":{"line":53,"column":2},"end":{"line":57,"column":16}},"12":{"start":{"line":54,"column":4},"end":{"line":56,"column":5}},"13":{"start":{"line":55,"column":6},"end":{"line":55,"column":44}},"14":{"start":{"line":59,"column":2},"end":{"line":102,"column":4}},"15":{"start":{"line":75,"column":16},"end":{"line":84,"column":23}}},"fnMap":{"0":{"name":"(anonymous_0)","decl":{"start":{"line":19,"column":29},"end":{"line":19,"column":30}},"loc":{"start":{"line":19,"column":41},"end":{"line":32,"column":1}},"line":19},"1":{"name":"Countries","decl":{"start":{"line":34,"column":16},"end":{"line":34,"column":25}},"loc":{"start":{"line":34,"column":41},"end":{"line":103,"column":1}},"line":34},"2":{"name":"(anonymous_2)","decl":{"start":{"line":53,"column":12},"end":{"line":53,"column":13}},"loc":{"start":{"line":53,"column":18},"end":{"line":57,"column":3}},"line":53},"3":{"name":"(anonymous_3)","decl":{"start":{"line":74,"column":31},"end":{"line":74,"column":32}},"loc":{"start":{"line":75,"column":16},"end":{"line":84,"column":23}},"line":75}},"branchMap":{"0":{"loc":{"start":{"line":41,"column":22},"end":{"line":43,"column":26}},"type":"cond-expr","locations":[{"start":{"line":42,"column":6},"end":{"line":42,"column":30}},{"start":{"line":43,"column":6},"end":{"line":43,"column":26}}],"line":41},"1":{"loc":{"start":{"line":54,"column":4},"end":{"line":56,"column":5}},"type":"if","locations":[{"start":{"line":54,"column":4},"end":{"line":56,"column":5}},{"start":{"line":54,"column":4},"end":{"line":56,"column":5}}],"line":54},"2":{"loc":{"start":{"line":54,"column":8},"end":{"line":54,"column":44}},"type":"binary-expr","locations":[{"start":{"line":54,"column":8},"end":{"line":54,"column":16}},{"start":{"line":54,"column":20},"end":{"line":54,"column":26}},{"start":{"line":54,"column":30},"end":{"line":54,"column":44}}],"line":54},"3":{"loc":{"start":{"line":64,"column":9},"end":{"line":68,"column":9}},"type":"binary-expr","locations":[{"start":{"line":64,"column":9},"end":{"line":64,"column":16}},{"start":{"line":65,"column":10},"end":{"line":67,"column":17}}],"line":64},"4":{"loc":{"start":{"line":70,"column":9},"end":{"line":97,"column":9}},"type":"binary-expr","locations":[{"start":{"line":70,"column":9},"end":{"line":70,"column":17}},{"start":{"line":71,"column":10},"end":{"line":96,"column":13}}],"line":70},"5":{"loc":{"start":{"line":72,"column":13},"end":{"line":85,"column":16}},"type":"binary-expr","locations":[{"start":{"line":72,"column":13},"end":{"line":72,"column":39}},{"start":{"line":73,"column":14},"end":{"line":73,"column":37}},{"start":{"line":74,"column":14},"end":{"line":85,"column":16}}],"line":72},"6":{"loc":{"start":{"line":87,"column":13},"end":{"line":95,"column":13}},"type":"binary-expr","locations":[{"start":{"line":87,"column":13},"end":{"line":87,"column":21}},{"start":{"line":87,"column":25},"end":{"line":87,"column":51}},{"start":{"line":87,"column":55},"end":{"line":87,"column":78}},{"start":{"line":88,"column":14},"end":{"line":94,"column":21}}],"line":87}},"s":{"0":1,"1":8,"2":141,"3":141,"4":141,"5":141,"6":141,"7":141,"8":141,"9":141,"10":141,"11":141,"12":21,"13":5,"14":141,"15":302},"f":{"0":8,"1":141,"2":21,"3":302},"b":{"0":[78,63],"1":[5,16],"2":[21,13,13],"3":[141,94],"4":[141,47],"5":[47,32,32],"6":[47,4,2,0]},"_coverageSchema":"1a1c01bbd47fc00a2c39e90264f33305004495a9","hash":"6fd0b07f0d7e2425ca60c9c1016a7203b3869b32"}
,"/Users/julianlow/Projects/q-ctrl/src/components/Country.tsx": {"path":"/Users/julianlow/Projects/q-ctrl/src/components/Country.tsx","statementMap":{"0":{"start":{"line":16,"column":18},"end":{"line":33,"column":3}},"1":{"start":{"line":16,"column":41},"end":{"line":33,"column":1}},"2":{"start":{"line":36,"column":18},"end":{"line":36,"column":29}},"3":{"start":{"line":37,"column":26},"end":{"line":37,"column":62}},"4":{"start":{"line":39,"column":35},"end":{"line":41,"column":3}},"5":{"start":{"line":43,"column":18},"end":{"line":43,"column":61}},"6":{"start":{"line":45,"column":2},"end":{"line":84,"column":4}}},"fnMap":{"0":{"name":"(anonymous_0)","decl":{"start":{"line":16,"column":29},"end":{"line":16,"column":30}},"loc":{"start":{"line":16,"column":41},"end":{"line":33,"column":1}},"line":16},"1":{"name":"Country","decl":{"start":{"line":35,"column":16},"end":{"line":35,"column":23}},"loc":{"start":{"line":35,"column":39},"end":{"line":85,"column":1}},"line":35}},"branchMap":{"0":{"loc":{"start":{"line":43,"column":18},"end":{"line":43,"column":61}},"type":"cond-expr","locations":[{"start":{"line":43,"column":45},"end":{"line":43,"column":52}},{"start":{"line":43,"column":55},"end":{"line":43,"column":61}}],"line":43},"1":{"loc":{"start":{"line":43,"column":18},"end":{"line":43,"column":42}},"type":"binary-expr","locations":[{"start":{"line":43,"column":18},"end":{"line":43,"column":24}},{"start":{"line":43,"column":28},"end":{"line":43,"column":42}}],"line":43},"2":{"loc":{"start":{"line":60,"column":7},"end":{"line":60,"column":28}},"type":"binary-expr","locations":[{"start":{"line":60,"column":7},"end":{"line":60,"column":14}},{"start":{"line":60,"column":18},"end":{"line":60,"column":28}}],"line":60},"3":{"loc":{"start":{"line":62,"column":7},"end":{"line":82,"column":7}},"type":"binary-expr","locations":[{"start":{"line":62,"column":7},"end":{"line":62,"column":15}},{"start":{"line":62,"column":19},"end":{"line":62,"column":36}},{"start":{"line":63,"column":8},"end":{"line":81,"column":16}}],"line":62}},"s":{"0":1,"1":1,"2":2,"3":2,"4":2,"5":2,"6":2},"f":{"0":1,"1":2},"b":{"0":[0,2],"1":[2,0],"2":[2,1],"3":[2,1,0]},"_coverageSchema":"1a1c01bbd47fc00a2c39e90264f33305004495a9","hash":"313047e677316eaad5d286a25cea7bbd3b50baa7"}
,"/Users/julianlow/Projects/q-ctrl/src/components/CountrySearch.tsx": {"path":"/Users/julianlow/Projects/q-ctrl/src/components/CountrySearch.tsx","statementMap":{"0":{"start":{"line":19,"column":18},"end":{"line":31,"column":3}},"1":{"start":{"line":19,"column":41},"end":{"line":31,"column":1}},"2":{"start":{"line":34,"column":18},"end":{"line":34,"column":29}},"3":{"start":{"line":35,"column":18},"end":{"line":35,"column":48}},"4":{"start":{"line":36,"column":40},"end":{"line":36,"column":72}},"5":{"start":{"line":37,"column":36},"end":{"line":37,"column":66}},"6":{"start":{"line":38,"column":54},"end":{"line":40,"column":3}},"7":{"start":{"line":41,"column":20},"end":{"line":41,"column":48}},"8":{"start":{"line":43,"column":32},"end":{"line":50,"column":3}},"9":{"start":{"line":46,"column":4},"end":{"line":49,"column":5}},"10":{"start":{"line":47,"column":6},"end":{"line":47,"column":25}},"11":{"start":{"line":48,"column":6},"end":{"line":48,"column":22}},"12":{"start":{"line":52,"column":31},"end":{"line":66,"column":3}},"13":{"start":{"line":53,"column":29},"end":{"line":53,"column":58}},"14":{"start":{"line":54,"column":4},"end":{"line":54,"column":37}},"15":{"start":{"line":56,"column":26},"end":{"line":63,"column":5}},"16":{"start":{"line":58,"column":22},"end":{"line":58,"column":52}},"17":{"start":{"line":59,"column":28},"end":{"line":59,"column":54}},"18":{"start":{"line":60,"column":8},"end":{"line":60,"column":44}},"19":{"start":{"line":65,"column":4},"end":{"line":65,"column":41}},"20":{"start":{"line":68,"column":2},"end":{"line":100,"column":4}}},"fnMap":{"0":{"name":"(anonymous_0)","decl":{"start":{"line":19,"column":29},"end":{"line":19,"column":30}},"loc":{"start":{"line":19,"column":41},"end":{"line":31,"column":1}},"line":19},"1":{"name":"CountrySearch","decl":{"start":{"line":33,"column":16},"end":{"line":33,"column":29}},"loc":{"start":{"line":33,"column":45},"end":{"line":101,"column":1}},"line":33},"2":{"name":"(anonymous_2)","decl":{"start":{"line":43,"column":32},"end":{"line":43,"column":33}},"loc":{"start":{"line":45,"column":7},"end":{"line":50,"column":3}},"line":45},"3":{"name":"(anonymous_3)","decl":{"start":{"line":52,"column":31},"end":{"line":52,"column":32}},"loc":{"start":{"line":52,"column":37},"end":{"line":66,"column":3}},"line":52},"4":{"name":"(anonymous_4)","decl":{"start":{"line":57,"column":23},"end":{"line":57,"column":24}},"loc":{"start":{"line":57,"column":36},"end":{"line":61,"column":7}},"line":57}},"branchMap":{"0":{"loc":{"start":{"line":46,"column":4},"end":{"line":49,"column":5}},"type":"if","locations":[{"start":{"line":46,"column":4},"end":{"line":49,"column":5}},{"start":{"line":46,"column":4},"end":{"line":49,"column":5}}],"line":46},"1":{"loc":{"start":{"line":53,"column":29},"end":{"line":53,"column":58}},"type":"binary-expr","locations":[{"start":{"line":53,"column":29},"end":{"line":53,"column":52}},{"start":{"line":53,"column":56},"end":{"line":53,"column":58}}],"line":53}},"s":{"0":1,"1":8,"2":141,"3":141,"4":141,"5":141,"6":141,"7":141,"8":141,"9":1,"10":0,"11":0,"12":141,"13":76,"14":76,"15":76,"16":500,"17":500,"18":500,"19":76,"20":141},"f":{"0":8,"1":141,"2":1,"3":76,"4":500},"b":{"0":[0,1],"1":[76,0]},"_coverageSchema":"1a1c01bbd47fc00a2c39e90264f33305004495a9","hash":"5c5baf67054d79506768c155f3cb9420aedcd832"}
,"/Users/julianlow/Projects/q-ctrl/src/components/GlobalStyles.tsx": {"path":"/Users/julianlow/Projects/q-ctrl/src/components/GlobalStyles.tsx","statementMap":{"0":{"start":{"line":4,"column":28},"end":{"line":13,"column":1}}},"fnMap":{},"branchMap":{},"s":{"0":1},"f":{},"b":{},"_coverageSchema":"1a1c01bbd47fc00a2c39e90264f33305004495a9","hash":"f89553011e5349cde02f96e648a3d749e10d0971"}
,"/Users/julianlow/Projects/q-ctrl/src/components/Loader.tsx": {"path":"/Users/julianlow/Projects/q-ctrl/src/components/Loader.tsx","statementMap":{"0":{"start":{"line":4,"column":18},"end":{"line":15,"column":3}},"1":{"start":{"line":4,"column":41},"end":{"line":15,"column":1}},"2":{"start":{"line":18,"column":18},"end":{"line":18,"column":29}},"3":{"start":{"line":20,"column":2},"end":{"line":28,"column":4}}},"fnMap":{"0":{"name":"(anonymous_0)","decl":{"start":{"line":4,"column":29},"end":{"line":4,"column":30}},"loc":{"start":{"line":4,"column":41},"end":{"line":15,"column":1}},"line":4},"1":{"name":"Loader","decl":{"start":{"line":17,"column":16},"end":{"line":17,"column":22}},"loc":{"start":{"line":17,"column":38},"end":{"line":29,"column":1}},"line":17}},"branchMap":{},"s":{"0":1,"1":9,"2":95,"3":95},"f":{"0":9,"1":95},"b":{},"_coverageSchema":"1a1c01bbd47fc00a2c39e90264f33305004495a9","hash":"b48e01ebbb88fcb6e6cf4c6b76fc18e647e4fb8b"}
,"/Users/julianlow/Projects/q-ctrl/src/components/PageNavigation.tsx": {"path":"/Users/julianlow/Projects/q-ctrl/src/components/PageNavigation.tsx","statementMap":{"0":{"start":{"line":7,"column":18},"end":{"line":28,"column":3}},"1":{"start":{"line":7,"column":41},"end":{"line":28,"column":1}},"2":{"start":{"line":31,"column":18},"end":{"line":31,"column":29}},"3":{"start":{"line":32,"column":36},"end":{"line":32,"column":66}},"4":{"start":{"line":33,"column":20},"end":{"line":33,"column":54}},"5":{"start":{"line":34,"column":24},"end":{"line":34,"column":58}},"6":{"start":{"line":35,"column":38},"end":{"line":35,"column":53}},"7":{"start":{"line":36,"column":38},"end":{"line":36,"column":53}},"8":{"start":{"line":38,"column":4},"end":{"line":40,"column":24}},"9":{"start":{"line":42,"column":22},"end":{"line":45,"column":3}},"10":{"start":{"line":43,"column":25},"end":{"line":43,"column":66}},"11":{"start":{"line":44,"column":4},"end":{"line":44,"column":31}},"12":{"start":{"line":47,"column":22},"end":{"line":51,"column":3}},"13":{"start":{"line":49,"column":6},"end":{"line":49,"column":61}},"14":{"start":{"line":50,"column":4},"end":{"line":50,"column":31}},"15":{"start":{"line":53,"column":2},"end":{"line":55,"column":22}},"16":{"start":{"line":54,"column":4},"end":{"line":54,"column":20}},"17":{"start":{"line":57,"column":2},"end":{"line":59,"column":18}},"18":{"start":{"line":58,"column":4},"end":{"line":58,"column":65}},"19":{"start":{"line":61,"column":2},"end":{"line":63,"column":18}},"20":{"start":{"line":62,"column":4},"end":{"line":62,"column":78}},"21":{"start":{"line":65,"column":2},"end":{"line":99,"column":4}}},"fnMap":{"0":{"name":"(anonymous_0)","decl":{"start":{"line":7,"column":29},"end":{"line":7,"column":30}},"loc":{"start":{"line":7,"column":41},"end":{"line":28,"column":1}},"line":7},"1":{"name":"PageNavigation","decl":{"start":{"line":30,"column":16},"end":{"line":30,"column":30}},"loc":{"start":{"line":30,"column":46},"end":{"line":100,"column":1}},"line":30},"2":{"name":"(anonymous_2)","decl":{"start":{"line":42,"column":22},"end":{"line":42,"column":23}},"loc":{"start":{"line":42,"column":28},"end":{"line":45,"column":3}},"line":42},"3":{"name":"(anonymous_3)","decl":{"start":{"line":47,"column":22},"end":{"line":47,"column":23}},"loc":{"start":{"line":47,"column":28},"end":{"line":51,"column":3}},"line":47},"4":{"name":"(anonymous_4)","decl":{"start":{"line":53,"column":12},"end":{"line":53,"column":13}},"loc":{"start":{"line":53,"column":18},"end":{"line":55,"column":3}},"line":53},"5":{"name":"(anonymous_5)","decl":{"start":{"line":57,"column":12},"end":{"line":57,"column":13}},"loc":{"start":{"line":57,"column":18},"end":{"line":59,"column":3}},"line":57},"6":{"name":"(anonymous_6)","decl":{"start":{"line":61,"column":12},"end":{"line":61,"column":13}},"loc":{"start":{"line":61,"column":18},"end":{"line":63,"column":3}},"line":61}},"branchMap":{"0":{"loc":{"start":{"line":38,"column":4},"end":{"line":40,"column":24}},"type":"cond-expr","locations":[{"start":{"line":39,"column":8},"end":{"line":39,"column":28}},{"start":{"line":40,"column":8},"end":{"line":40,"column":24}}],"line":38},"1":{"loc":{"start":{"line":38,"column":4},"end":{"line":38,"column":61}},"type":"binary-expr","locations":[{"start":{"line":38,"column":4},"end":{"line":38,"column":32}},{"start":{"line":38,"column":36},"end":{"line":38,"column":61}}],"line":38},"2":{"loc":{"start":{"line":43,"column":25},"end":{"line":43,"column":66}},"type":"cond-expr","locations":[{"start":{"line":43,"column":41},"end":{"line":43,"column":54}},{"start":{"line":43,"column":57},"end":{"line":43,"column":66}}],"line":43},"3":{"loc":{"start":{"line":49,"column":6},"end":{"line":49,"column":61}},"type":"cond-expr","locations":[{"start":{"line":49,"column":36},"end":{"line":49,"column":49}},{"start":{"line":49,"column":52},"end":{"line":49,"column":61}}],"line":49},"4":{"loc":{"start":{"line":58,"column":4},"end":{"line":58,"column":64}},"type":"cond-expr","locations":[{"start":{"line":58,"column":22},"end":{"line":58,"column":41}},{"start":{"line":58,"column":44},"end":{"line":58,"column":64}}],"line":58},"5":{"loc":{"start":{"line":62,"column":4},"end":{"line":62,"column":77}},"type":"cond-expr","locations":[{"start":{"line":62,"column":35},"end":{"line":62,"column":54}},{"start":{"line":62,"column":57},"end":{"line":62,"column":77}}],"line":62},"6":{"loc":{"start":{"line":70,"column":19},"end":{"line":70,"column":78}},"type":"cond-expr","locations":[{"start":{"line":70,"column":33},"end":{"line":70,"column":51}},{"start":{"line":70,"column":54},"end":{"line":70,"column":78}}],"line":70},"7":{"loc":{"start":{"line":86,"column":19},"end":{"line":86,"column":78}},"type":"cond-expr","locations":[{"start":{"line":86,"column":33},"end":{"line":86,"column":51}},{"start":{"line":86,"column":54},"end":{"line":86,"column":78}}],"line":86}},"s":{"0":1,"1":8,"2":168,"3":168,"4":168,"5":168,"6":168,"7":168,"8":168,"9":168,"10":0,"11":0,"12":168,"13":443,"14":443,"15":168,"16":84,"17":168,"18":35,"19":168,"20":35,"21":168},"f":{"0":8,"1":168,"2":0,"3":443,"4":84,"5":35,"6":35},"b":{"0":[2,166],"1":[168,168],"2":[0,0],"3":[27,416],"4":[8,27],"5":[1,34],"6":[60,108],"7":[166,2]},"_coverageSchema":"1a1c01bbd47fc00a2c39e90264f33305004495a9","hash":"692df6a476258035feefb60a8dee51db56df5bd2"}
,"/Users/julianlow/Projects/q-ctrl/src/components/index.tsx": {"path":"/Users/julianlow/Projects/q-ctrl/src/components/index.tsx","statementMap":{},"fnMap":{},"branchMap":{},"s":{},"f":{},"b":{},"_coverageSchema":"1a1c01bbd47fc00a2c39e90264f33305004495a9","hash":"3a9a32304ad5e06023d6acea7873e21fdd475572"}
,"/Users/julianlow/Projects/q-ctrl/src/hooks/index.ts": {"path":"/Users/julianlow/Projects/q-ctrl/src/hooks/index.ts","statementMap":{},"fnMap":{},"branchMap":{},"s":{},"f":{},"b":{},"_coverageSchema":"1a1c01bbd47fc00a2c39e90264f33305004495a9","hash":"e7d9ca6cc6e64a79bcc91b9c18d565f9e14154de"}
,"/Users/julianlow/Projects/q-ctrl/src/hooks/useDebounce.ts": {"path":"/Users/julianlow/Projects/q-ctrl/src/hooks/useDebounce.ts","statementMap":{},"fnMap":{},"branchMap":{},"s":{},"f":{},"b":{}}
,"/Users/julianlow/Projects/q-ctrl/src/hooks/useRequest.ts": {"path":"/Users/julianlow/Projects/q-ctrl/src/hooks/useRequest.ts","statementMap":{"0":{"start":{"line":11,"column":26},"end":{"line":11,"column":66}},"1":{"start":{"line":12,"column":32},"end":{"line":12,"column":53}},"2":{"start":{"line":13,"column":28},"end":{"line":13,"column":71}},"3":{"start":{"line":15,"column":2},"end":{"line":39,"column":9}},"4":{"start":{"line":16,"column":4},"end":{"line":16,"column":21}},"5":{"start":{"line":17,"column":38},"end":{"line":17,"column":64}},"6":{"start":{"line":19,"column":4},"end":{"line":34,"column":9}},"7":{"start":{"line":24,"column":8},"end":{"line":28,"column":9}},"8":{"start":{"line":25,"column":10},"end":{"line":25,"column":37}},"9":{"start":{"line":27,"column":10},"end":{"line":27,"column":33}},"10":{"start":{"line":30,"column":8},"end":{"line":30,"column":26}},"11":{"start":{"line":36,"column":4},"end":{"line":38,"column":6}},"12":{"start":{"line":37,"column":6},"end":{"line":37,"column":42}},"13":{"start":{"line":41,"column":2},"end":{"line":45,"column":4}}},"fnMap":{"0":{"name":"useRequest","decl":{"start":{"line":4,"column":16},"end":{"line":4,"column":26}},"loc":{"start":{"line":10,"column":2},"end":{"line":46,"column":1}},"line":10},"1":{"name":"(anonymous_1)","decl":{"start":{"line":15,"column":12},"end":{"line":15,"column":13}},"loc":{"start":{"line":15,"column":18},"end":{"line":39,"column":3}},"line":15},"2":{"name":"(anonymous_2)","decl":{"start":{"line":23,"column":12},"end":{"line":23,"column":13}},"loc":{"start":{"line":23,"column":26},"end":{"line":31,"column":7}},"line":23},"3":{"name":"(anonymous_3)","decl":{"start":{"line":32,"column":13},"end":{"line":32,"column":14}},"loc":{"start":{"line":32,"column":20},"end":{"line":34,"column":7}},"line":32},"4":{"name":"(anonymous_4)","decl":{"start":{"line":36,"column":11},"end":{"line":36,"column":12}},"loc":{"start":{"line":36,"column":17},"end":{"line":38,"column":5}},"line":36}},"branchMap":{"0":{"loc":{"start":{"line":24,"column":8},"end":{"line":28,"column":9}},"type":"if","locations":[{"start":{"line":24,"column":8},"end":{"line":28,"column":9}},{"start":{"line":24,"column":8},"end":{"line":28,"column":9}}],"line":24}},"s":{"0":143,"1":143,"2":143,"3":143,"4":9,"5":9,"6":9,"7":5,"8":0,"9":5,"10":5,"11":9,"12":9,"13":143},"f":{"0":143,"1":9,"2":5,"3":4,"4":9},"b":{"0":[0,5]},"_coverageSchema":"1a1c01bbd47fc00a2c39e90264f33305004495a9","hash":"2447b527df572c6d87bc8150dfdd6e0f2c733961"}
,"/Users/julianlow/Projects/q-ctrl/src/state/atoms.ts": {"path":"/Users/julianlow/Projects/q-ctrl/src/state/atoms.ts","statementMap":{"0":{"start":{"line":4,"column":30},"end":{"line":7,"column":2}},"1":{"start":{"line":9,"column":30},"end":{"line":12,"column":2}},"2":{"start":{"line":14,"column":32},"end":{"line":17,"column":2}},"3":{"start":{"line":19,"column":38},"end":{"line":22,"column":2}}},"fnMap":{},"branchMap":{},"s":{"0":1,"1":1,"2":1,"3":1},"f":{},"b":{},"_coverageSchema":"1a1c01bbd47fc00a2c39e90264f33305004495a9","hash":"58528b62340c4470cc789dc2e945b3751ce775d8"}
,"/Users/julianlow/Projects/q-ctrl/src/state/selectors.ts": {"path":"/Users/julianlow/Projects/q-ctrl/src/state/selectors.ts","statementMap":{"0":{"start":{"line":11,"column":28},"end":{"line":14,"column":2}},"1":{"start":{"line":13,"column":20},"end":{"line":13,"column":39}},"2":{"start":{"line":16,"column":34},"end":{"line":28,"column":2}},"3":{"start":{"line":19,"column":25},"end":{"line":19,"column":44}},"4":{"start":{"line":21,"column":4},"end":{"line":26,"column":6}},"5":{"start":{"line":23,"column":8},"end":{"line":23,"column":61}},"6":{"start":{"line":30,"column":27},"end":{"line":33,"column":2}},"7":{"start":{"line":32,"column":20},"end":{"line":32,"column":41}},"8":{"start":{"line":35,"column":34},"end":{"line":38,"column":2}},"9":{"start":{"line":37,"column":20},"end":{"line":37,"column":47}},"10":{"start":{"line":40,"column":32},"end":{"line":43,"column":2}},"11":{"start":{"line":42,"column":20},"end":{"line":42,"column":39}}},"fnMap":{"0":{"name":"(anonymous_0)","decl":{"start":{"line":13,"column":7},"end":{"line":13,"column":8}},"loc":{"start":{"line":13,"column":20},"end":{"line":13,"column":39}},"line":13},"1":{"name":"(anonymous_1)","decl":{"start":{"line":18,"column":7},"end":{"line":18,"column":8}},"loc":{"start":{"line":18,"column":20},"end":{"line":27,"column":3}},"line":18},"2":{"name":"(anonymous_2)","decl":{"start":{"line":22,"column":26},"end":{"line":22,"column":27}},"loc":{"start":{"line":22,"column":72},"end":{"line":24,"column":7}},"line":22},"3":{"name":"(anonymous_3)","decl":{"start":{"line":32,"column":7},"end":{"line":32,"column":8}},"loc":{"start":{"line":32,"column":20},"end":{"line":32,"column":41}},"line":32},"4":{"name":"(anonymous_4)","decl":{"start":{"line":37,"column":7},"end":{"line":37,"column":8}},"loc":{"start":{"line":37,"column":20},"end":{"line":37,"column":47}},"line":37},"5":{"name":"(anonymous_5)","decl":{"start":{"line":42,"column":7},"end":{"line":42,"column":8}},"loc":{"start":{"line":42,"column":20},"end":{"line":42,"column":39}},"line":42}},"branchMap":{},"s":{"0":1,"1":13,"2":1,"3":13,"4":13,"5":1250,"6":1,"7":9,"8":1,"9":84,"10":1,"11":33},"f":{"0":13,"1":13,"2":1250,"3":9,"4":84,"5":33},"b":{},"_coverageSchema":"1a1c01bbd47fc00a2c39e90264f33305004495a9","hash":"90becaf1dc59516e92964726dce7e1117661d2aa"}
}
