TN:
SF:src/App.tsx
FN:7,App
FNF:1
FNH:1
FNDA:8,App
DA:8,8
LF:1
LH:1
BRF:0
BRH:0
end_of_record
TN:
SF:src/index.tsx
FNF:0
FNH:0
DA:6,0
LF:1
LH:0
BRF:0
BRH:0
end_of_record
TN:
SF:src/typings.ts
FNF:0
FNH:0
LF:0
LH:0
BRF:0
BRH:0
end_of_record
TN:
SF:src/components/Countries.tsx
FN:19,(anonymous_0)
FN:34,Countries
FN:53,(anonymous_2)
FN:74,(anonymous_3)
FNF:4
FNH:4
FNDA:8,(anonymous_0)
FNDA:141,Countries
FNDA:21,(anonymous_2)
FNDA:302,(anonymous_3)
DA:19,8
DA:35,141
DA:36,141
DA:37,141
DA:38,141
DA:39,141
DA:40,141
DA:41,141
DA:45,141
DA:49,141
DA:53,141
DA:54,21
DA:55,5
DA:59,141
DA:75,302
LF:15
LH:15
BRDA:41,0,0,78
BRDA:41,0,1,63
BRDA:54,1,0,5
BRDA:54,1,1,16
BRDA:54,2,0,21
BRDA:54,2,1,13
BRDA:54,2,2,13
BRDA:64,3,0,141
BRDA:64,3,1,94
BRDA:70,4,0,141
BRDA:70,4,1,47
BRDA:72,5,0,47
BRDA:72,5,1,32
BRDA:72,5,2,32
BRDA:87,6,0,47
BRDA:87,6,1,4
BRDA:87,6,2,2
BRDA:87,6,3,0
BRF:18
BRH:17
end_of_record
TN:
SF:src/components/Country.tsx
FN:16,(anonymous_0)
FN:35,Country
FNF:2
FNH:2
FNDA:1,(anonymous_0)
FNDA:2,Country
DA:16,1
DA:36,2
DA:37,2
DA:39,2
DA:43,2
DA:45,2
LF:6
LH:6
BRDA:43,0,0,0
BRDA:43,0,1,2
BRDA:43,1,0,2
BRDA:43,1,1,0
BRDA:60,2,0,2
BRDA:60,2,1,1
BRDA:62,3,0,2
BRDA:62,3,1,1
BRDA:62,3,2,0
BRF:9
BRH:6
end_of_record
TN:
SF:src/components/CountrySearch.tsx
FN:19,(anonymous_0)
FN:33,CountrySearch
FN:43,(anonymous_2)
FN:52,(anonymous_3)
FN:57,(anonymous_4)
FNF:5
FNH:5
FNDA:8,(anonymous_0)
FNDA:141,CountrySearch
FNDA:1,(anonymous_2)
FNDA:76,(anonymous_3)
FNDA:500,(anonymous_4)
DA:19,8
DA:34,141
DA:35,141
DA:36,141
DA:37,141
DA:38,141
DA:41,141
DA:43,141
DA:46,1
DA:47,0
DA:48,0
DA:52,141
DA:53,76
DA:54,76
DA:56,76
DA:58,500
DA:59,500
DA:60,500
DA:65,76
DA:68,141
LF:20
LH:18
BRDA:46,0,0,0
BRDA:46,0,1,1
BRDA:53,1,0,76
BRDA:53,1,1,0
BRF:4
BRH:2
end_of_record
TN:
SF:src/components/GlobalStyles.tsx
FNF:0
FNH:0
DA:4,1
LF:1
LH:1
BRF:0
BRH:0
end_of_record
TN:
SF:src/components/Loader.tsx
FN:4,(anonymous_0)
FN:17,Loader
FNF:2
FNH:2
FNDA:9,(anonymous_0)
FNDA:95,Loader
DA:4,9
DA:18,95
DA:20,95
LF:3
LH:3
BRF:0
BRH:0
end_of_record
TN:
SF:src/components/PageNavigation.tsx
FN:7,(anonymous_0)
FN:30,PageNavigation
FN:42,(anonymous_2)
FN:47,(anonymous_3)
FN:53,(anonymous_4)
FN:57,(anonymous_5)
FN:61,(anonymous_6)
FNF:7
FNH:6
FNDA:8,(anonymous_0)
FNDA:168,PageNavigation
FNDA:0,(anonymous_2)
FNDA:443,(anonymous_3)
FNDA:84,(anonymous_4)
FNDA:35,(anonymous_5)
FNDA:35,(anonymous_6)
DA:7,8
DA:31,168
DA:32,168
DA:33,168
DA:34,168
DA:35,168
DA:36,168
DA:38,168
DA:42,168
DA:43,0
DA:44,0
DA:47,168
DA:49,443
DA:50,443
DA:53,168
DA:54,84
DA:57,168
DA:58,35
DA:61,168
DA:62,35
DA:65,168
LF:21
LH:19
BRDA:38,0,0,2
BRDA:38,0,1,166
BRDA:38,1,0,168
BRDA:38,1,1,168
BRDA:43,2,0,0
BRDA:43,2,1,0
BRDA:49,3,0,27
BRDA:49,3,1,416
BRDA:58,4,0,8
BRDA:58,4,1,27
BRDA:62,5,0,1
BRDA:62,5,1,34
BRDA:70,6,0,60
BRDA:70,6,1,108
BRDA:86,7,0,166
BRDA:86,7,1,2
BRF:16
BRH:14
end_of_record
TN:
SF:src/components/index.tsx
FNF:0
FNH:0
LF:0
LH:0
BRF:0
BRH:0
end_of_record
TN:
SF:src/hooks/index.ts
FNF:0
FNH:0
LF:0
LH:0
BRF:0
BRH:0
end_of_record
TN:
SF:src/hooks/useDebounce.ts
FNF:0
FNH:0
LF:0
LH:0
BRF:0
BRH:0
end_of_record
TN:
SF:src/hooks/useRequest.ts
FN:4,useRequest
FN:15,(anonymous_1)
FN:23,(anonymous_2)
FN:32,(anonymous_3)
FN:36,(anonymous_4)
FNF:5
FNH:5
FNDA:143,useRequest
FNDA:9,(anonymous_1)
FNDA:5,(anonymous_2)
FNDA:4,(anonymous_3)
FNDA:9,(anonymous_4)
DA:11,143
DA:12,143
DA:13,143
DA:15,143
DA:16,9
DA:17,9
DA:19,9
DA:24,5
DA:25,0
DA:27,5
DA:30,5
DA:36,9
DA:37,9
DA:41,143
LF:14
LH:13
BRDA:24,0,0,0
BRDA:24,0,1,5
BRF:2
BRH:1
end_of_record
TN:
SF:src/state/atoms.ts
FNF:0
FNH:0
DA:4,1
DA:9,1
DA:14,1
DA:19,1
LF:4
LH:4
BRF:0
BRH:0
end_of_record
TN:
SF:src/state/selectors.ts
FN:13,(anonymous_0)
FN:18,(anonymous_1)
FN:22,(anonymous_2)
FN:32,(anonymous_3)
FN:37,(anonymous_4)
FN:42,(anonymous_5)
FNF:6
FNH:6
FNDA:13,(anonymous_0)
FNDA:13,(anonymous_1)
FNDA:1250,(anonymous_2)
FNDA:9,(anonymous_3)
FNDA:84,(anonymous_4)
FNDA:33,(anonymous_5)
DA:11,1
DA:13,13
DA:16,1
DA:19,13
DA:21,13
DA:23,1250
DA:30,1
DA:32,9
DA:35,1
DA:37,84
DA:40,1
DA:42,33
LF:12
LH:12
BRF:0
BRH:0
end_of_record
