TN:
SF:src/App.tsx
FN:7,App
FNF:1
FNH:1
FNDA:9,App
DA:8,9
LF:1
LH:1
BRF:0
BRH:0
end_of_record
TN:
SF:src/components/PageNavigation.tsx
FN:7,(anonymous_0)
FN:30,PageNavigation
FN:42,(anonymous_2)
FN:47,(anonymous_3)
FN:53,(anonymous_4)
FN:57,(anonymous_5)
FN:61,(anonymous_6)
FNF:7
FNH:6
FNDA:9,(anonymous_0)
FNDA:189,PageNavigation
FNDA:0,(anonymous_2)
FNDA:263,(anonymous_3)
FNDA:103,(anonymous_4)
FNDA:36,(anonymous_5)
FNDA:36,(anonymous_6)
DA:7,9
DA:31,189
DA:32,189
DA:33,189
DA:34,189
DA:35,189
DA:36,189
DA:38,189
DA:42,189
DA:43,0
DA:44,0
DA:47,189
DA:49,263
DA:50,263
DA:53,189
DA:54,103
DA:57,189
DA:58,36
DA:61,189
DA:62,36
DA:65,189
LF:21
LH:19
BRDA:38,0,0,2
BRDA:38,0,1,187
BRDA:38,1,0,189
BRDA:38,1,1,189
BRDA:43,2,0,0
BRDA:43,2,1,0
BRDA:49,3,0,27
BRDA:49,3,1,236
BRDA:58,4,0,9
BRDA:58,4,1,27
BRDA:62,5,0,1
BRDA:62,5,1,35
BRDA:70,6,0,61
BRDA:70,6,1,128
BRDA:87,7,0,187
BRDA:87,7,1,2
BRF:16
BRH:14
end_of_record
